# JRE version: OpenJDK Runtime Environment Temurin-21.0.9+10 (21.0.9+10) (build 21.0.9+10-LTS)
# Java VM: OpenJDK 64-Bit Server VM Temurin-21.0.9+10 (21.0.9+10-LTS, mixed mode, sharing, tiered, compressed oops, compressed class ptrs, parallel gc, windows-amd64)
GC Precious Log:
 CardTable entry size: 512
 CPUs: 8 total, 8 available
 Memory: 5965M
 Large Page Support: Disabled
 NUMA Support: Disabled
 Compressed Oops: Enabled (32-bit)
 Alignments: Space 512K, Generation 512K, Heap 2M
 Heap Min Capacity: 100M
 Heap Initial Capacity: 100M
 Heap Max Capacity: 2G
 Pre-touch: Disabled
 Parallel Workers: 8
Heap:
 PSYoungGen      total 2560K, used 2191K [0x00000000d5580000, 0x00000000d5980000, 0x0000000100000000)
  eden space 2048K, 96% used [0x00000000d5580000,0x00000000d576bdf8,0x00000000d5780000)
  from space 512K, 43% used [0x00000000d5880000,0x00000000d58b8000,0x00000000d5900000)
  to   space 512K, 0% used [0x00000000d5900000,0x00000000d5900000,0x00000000d5980000)
 ParOldGen       total 456704K, used 456375K [0x0000000080000000, 0x000000009be00000, 0x00000000d5580000)
  object space 456704K, 99% used [0x0000000080000000,0x000000009bdade48,0x000000009be00000)
 Metaspace       used 71007K, committed 72320K, reserved 1114112K
  class space    used 7546K, committed 8064K, reserved 1048576K
GC Heap History (20 events):
Event: 81.939 GC heap before
{Heap before GC invocations=393 (full 3):
 PSYoungGen      total 3072K, used 2144K [0x00000000d5580000, 0x00000000d5a00000, 0x0000000100000000)
  eden space 1024K, 100% used [0x00000000d5580000,0x00000000d5680000,0x00000000d5680000)
  from space 2048K, 54% used [0x00000000d5680000,0x00000000d5798000,0x00000000d5880000)
  to   space 1536K, 0% used [0x00000000d5880000,0x00000000d5880000,0x00000000d5a00000)
 ParOldGen       total 449536K, used 449372K [0x0000000080000000, 0x000000009b700000, 0x00000000d5580000)
  object space 449536K, 99% used [0x0000000080000000,0x000000009b6d73c8,0x000000009b700000)
 Metaspace       used 70442K, committed 71872K, reserved 1114112K
  class space    used 7497K, committed 8064K, reserved 1048576K
}
Event: 81.946 GC heap after
{Heap after GC invocations=393 (full 3):
 PSYoungGen      total 2560K, used 856K [0x00000000d5580000, 0x00000000d5980000, 0x0000000100000000)
  eden space 1536K, 0% used [0x00000000d5580000,0x00000000d5580000,0x00000000d5700000)
  from space 1024K, 83% used [0x00000000d5880000,0x00000000d5956000,0x00000000d5980000)
  to   space 1024K, 0% used [0x00000000d5780000,0x00000000d5780000,0x00000000d5880000)
 ParOldGen       total 450560K, used 450380K [0x0000000080000000, 0x000000009b800000, 0x00000000d5580000)
  object space 450560K, 99% used [0x0000000080000000,0x000000009b7d33c8,0x000000009b800000)
 Metaspace       used 70442K, committed 71872K, reserved 1114112K
  class space    used 7497K, committed 8064K, reserved 1048576K
}
Event: 82.013 GC heap before
{Heap before GC invocations=394 (full 3):
 PSYoungGen      total 2560K, used 2354K [0x00000000d5580000, 0x00000000d5980000, 0x0000000100000000)
  eden space 1536K, 97% used [0x00000000d5580000,0x00000000d56f6a00,0x00000000d5700000)
  from space 1024K, 83% used [0x00000000d5880000,0x00000000d5956000,0x00000000d5980000)
  to   space 1024K, 0% used [0x00000000d5780000,0x00000000d5780000,0x00000000d5880000)
 ParOldGen       total 450560K, used 450380K [0x0000000080000000, 0x000000009b800000, 0x00000000d5580000)
  object space 450560K, 99% used [0x0000000080000000,0x000000009b7d33c8,0x000000009b800000)
 Metaspace       used 70459K, committed 71872K, reserved 1114112K
  class space    used 7497K, committed 8064K, reserved 1048576K
}
Event: 82.017 GC heap after
{Heap after GC invocations=394 (full 3):
 PSYoungGen      total 2560K, used 1008K [0x00000000d5580000, 0x00000000d5b00000, 0x0000000100000000)
  eden space 1536K, 0% used [0x00000000d5580000,0x00000000d5580000,0x00000000d5700000)
  from space 1024K, 98% used [0x00000000d5780000,0x00000000d587c000,0x00000000d5880000)
  to   space 2048K, 0% used [0x00000000d5900000,0x00000000d5900000,0x00000000d5b00000)
 ParOldGen       total 451072K, used 451028K [0x0000000080000000, 0x000000009b880000, 0x00000000d5580000)
  object space 451072K, 99% used [0x0000000080000000,0x000000009b8753c8,0x000000009b880000)
 Metaspace       used 70459K, committed 71872K, reserved 1114112K
  class space    used 7497K, committed 8064K, reserved 1048576K
}
Event: 82.022 GC heap before
{Heap before GC invocations=395 (full 3):
 PSYoungGen      total 2560K, used 2544K [0x00000000d5580000, 0x00000000d5b00000, 0x0000000100000000)
  eden space 1536K, 100% used [0x00000000d5580000,0x00000000d5700000,0x00000000d5700000)
  from space 1024K, 98% used [0x00000000d5780000,0x00000000d587c000,0x00000000d5880000)
  to   space 2048K, 0% used [0x00000000d5900000,0x00000000d5900000,0x00000000d5b00000)
 ParOldGen       total 451072K, used 451028K [0x0000000080000000, 0x000000009b880000, 0x00000000d5580000)
  object space 451072K, 99% used [0x0000000080000000,0x000000009b8753c8,0x000000009b880000)
 Metaspace       used 70459K, committed 71872K, reserved 1114112K
  class space    used 7497K, committed 8064K, reserved 1048576K
}
Event: 82.027 GC heap after
{Heap after GC invocations=395 (full 3):
 PSYoungGen      total 3584K, used 1593K [0x00000000d5580000, 0x00000000d5b80000, 0x0000000100000000)
  eden space 1536K, 0% used [0x00000000d5580000,0x00000000d5580000,0x00000000d5700000)
  from space 2048K, 77% used [0x00000000d5900000,0x00000000d5a8e540,0x00000000d5b00000)
  to   space 2048K, 0% used [0x00000000d5700000,0x00000000d5700000,0x00000000d5900000)
 ParOldGen       total 452096K, used 452044K [0x0000000080000000, 0x000000009b980000, 0x00000000d5580000)
  object space 452096K, 99% used [0x0000000080000000,0x000000009b9733c8,0x000000009b980000)
 Metaspace       used 70459K, committed 71872K, reserved 1114112K
  class space    used 7497K, committed 8064K, reserved 1048576K
}
Event: 82.034 GC heap before
{Heap before GC invocations=396 (full 3):
 PSYoungGen      total 3584K, used 3127K [0x00000000d5580000, 0x00000000d5b80000, 0x0000000100000000)
  eden space 1536K, 99% used [0x00000000d5580000,0x00000000d56ff818,0x00000000d5700000)
  from space 2048K, 77% used [0x00000000d5900000,0x00000000d5a8e540,0x00000000d5b00000)
  to   space 2048K, 0% used [0x00000000d5700000,0x00000000d5700000,0x00000000d5900000)
 ParOldGen       total 452096K, used 452044K [0x0000000080000000, 0x000000009b980000, 0x00000000d5580000)
  object space 452096K, 99% used [0x0000000080000000,0x000000009b9733c8,0x000000009b980000)
 Metaspace       used 70459K, committed 71872K, reserved 1114112K
  class space    used 7497K, committed 8064K, reserved 1048576K
}
Event: 82.037 GC heap after
{Heap after GC invocations=396 (full 3):
 PSYoungGen      total 3584K, used 1600K [0x00000000d5580000, 0x00000000d5b80000, 0x0000000100000000)
  eden space 1536K, 0% used [0x00000000d5580000,0x00000000d5580000,0x00000000d5700000)
  from space 2048K, 78% used [0x00000000d5700000,0x00000000d5890000,0x00000000d5900000)
  to   space 2048K, 0% used [0x00000000d5980000,0x00000000d5980000,0x00000000d5b80000)
 ParOldGen       total 454144K, used 453847K [0x0000000080000000, 0x000000009bb80000, 0x00000000d5580000)
  object space 454144K, 99% used [0x0000000080000000,0x000000009bb35e48,0x000000009bb80000)
 Metaspace       used 70459K, committed 71872K, reserved 1114112K
  class space    used 7497K, committed 8064K, reserved 1048576K
}
Event: 82.122 GC heap before
{Heap before GC invocations=397 (full 3):
 PSYoungGen      total 3584K, used 3136K [0x00000000d5580000, 0x00000000d5b80000, 0x0000000100000000)
  eden space 1536K, 100% used [0x00000000d5580000,0x00000000d5700000,0x00000000d5700000)
  from space 2048K, 78% used [0x00000000d5700000,0x00000000d5890000,0x00000000d5900000)
  to   space 2048K, 0% used [0x00000000d5980000,0x00000000d5980000,0x00000000d5b80000)
 ParOldGen       total 454144K, used 453847K [0x0000000080000000, 0x000000009bb80000, 0x00000000d5580000)
  object space 454144K, 99% used [0x0000000080000000,0x000000009bb35e48,0x000000009bb80000)
 Metaspace       used 70461K, committed 71872K, reserved 1114112K
  class space    used 7497K, committed 8064K, reserved 1048576K
}
Event: 82.127 GC heap after
{Heap after GC invocations=397 (full 3):
 PSYoungGen      total 3072K, used 944K [0x00000000d5580000, 0x00000000d5a80000, 0x0000000100000000)
  eden space 2048K, 0% used [0x00000000d5580000,0x00000000d5580000,0x00000000d5780000)
  from space 1024K, 92% used [0x00000000d5980000,0x00000000d5a6c000,0x00000000d5a80000)
  to   space 1536K, 0% used [0x00000000d5780000,0x00000000d5780000,0x00000000d5900000)
 ParOldGen       total 455680K, used 455335K [0x0000000080000000, 0x000000009bd00000, 0x00000000d5580000)
  object space 455680K, 99% used [0x0000000080000000,0x000000009bca9e48,0x000000009bd00000)
 Metaspace       used 70461K, committed 71872K, reserved 1114112K
  class space    used 7497K, committed 8064K, reserved 1048576K
}
Event: 82.177 GC heap before
{Heap before GC invocations=398 (full 3):
 PSYoungGen      total 3072K, used 2991K [0x00000000d5580000, 0x00000000d5a80000, 0x0000000100000000)
  eden space 2048K, 99% used [0x00000000d5580000,0x00000000d577fff8,0x00000000d5780000)
  from space 1024K, 92% used [0x00000000d5980000,0x00000000d5a6c000,0x00000000d5a80000)
  to   space 1536K, 0% used [0x00000000d5780000,0x00000000d5780000,0x00000000d5900000)
 ParOldGen       total 455680K, used 455335K [0x0000000080000000, 0x000000009bd00000, 0x00000000d5580000)
  object space 455680K, 99% used [0x0000000080000000,0x000000009bca9e48,0x000000009bd00000)
 Metaspace       used 70472K, committed 71872K, reserved 1114112K
  class space    used 7497K, committed 8064K, reserved 1048576K
}
Event: 82.180 GC heap after
{Heap after GC invocations=398 (full 3):
 PSYoungGen      total 3584K, used 256K [0x00000000d5580000, 0x00000000d5a00000, 0x0000000100000000)
  eden space 2048K, 0% used [0x00000000d5580000,0x00000000d5580000,0x00000000d5780000)
  from space 1536K, 16% used [0x00000000d5780000,0x00000000d57c0000,0x00000000d5900000)
  to   space 1024K, 0% used [0x00000000d5900000,0x00000000d5900000,0x00000000d5a00000)
 ParOldGen       total 456192K, used 456183K [0x0000000080000000, 0x000000009bd80000, 0x00000000d5580000)
  object space 456192K, 99% used [0x0000000080000000,0x000000009bd7de48,0x000000009bd80000)
 Metaspace       used 70472K, committed 71872K, reserved 1114112K
  class space    used 7497K, committed 8064K, reserved 1048576K
}
Event: 82.633 GC heap before
{Heap before GC invocations=399 (full 3):
 PSYoungGen      total 3584K, used 2303K [0x00000000d5580000, 0x00000000d5a00000, 0x0000000100000000)
  eden space 2048K, 99% used [0x00000000d5580000,0x00000000d577ffe8,0x00000000d5780000)
  from space 1536K, 16% used [0x00000000d5780000,0x00000000d57c0000,0x00000000d5900000)
  to   space 1024K, 0% used [0x00000000d5900000,0x00000000d5900000,0x00000000d5a00000)
 ParOldGen       total 456192K, used 456183K [0x0000000080000000, 0x000000009bd80000, 0x00000000d5580000)
  object space 456192K, 99% used [0x0000000080000000,0x000000009bd7de48,0x000000009bd80000)
 Metaspace       used 70480K, committed 71872K, reserved 1114112K
  class space    used 7497K, committed 8064K, reserved 1048576K
}
Event: 82.635 GC heap after
{Heap after GC invocations=399 (full 3):
 PSYoungGen      total 2560K, used 192K [0x00000000d5580000, 0x00000000d5980000, 0x0000000100000000)
  eden space 2048K, 0% used [0x00000000d5580000,0x00000000d5580000,0x00000000d5780000)
  from space 512K, 37% used [0x00000000d5900000,0x00000000d5930000,0x00000000d5980000)
  to   space 512K, 0% used [0x00000000d5880000,0x00000000d5880000,0x00000000d5900000)
 ParOldGen       total 456704K, used 456223K [0x0000000080000000, 0x000000009be00000, 0x00000000d5580000)
  object space 456704K, 99% used [0x0000000080000000,0x000000009bd87e48,0x000000009be00000)
 Metaspace       used 70480K, committed 71872K, reserved 1114112K
  class space    used 7497K, committed 8064K, reserved 1048576K
}
Event: 112.846 GC heap before
{Heap before GC invocations=400 (full 3):
 PSYoungGen      total 2560K, used 2240K [0x00000000d5580000, 0x00000000d5980000, 0x0000000100000000)
  eden space 2048K, 100% used [0x00000000d5580000,0x00000000d5780000,0x00000000d5780000)
  from space 512K, 37% used [0x00000000d5900000,0x00000000d5930000,0x00000000d5980000)
  to   space 512K, 0% used [0x00000000d5880000,0x00000000d5880000,0x00000000d5900000)
 ParOldGen       total 456704K, used 456223K [0x0000000080000000, 0x000000009be00000, 0x00000000d5580000)
  object space 456704K, 99% used [0x0000000080000000,0x000000009bd87e48,0x000000009be00000)
 Metaspace       used 70494K, committed 71872K, reserved 1114112K
  class space    used 7497K, committed 8064K, reserved 1048576K
}
Event: 112.856 GC heap after
{Heap after GC invocations=400 (full 3):
 PSYoungGen      total 2560K, used 224K [0x00000000d5580000, 0x00000000d5980000, 0x0000000100000000)
  eden space 2048K, 0% used [0x00000000d5580000,0x00000000d5580000,0x00000000d5780000)
  from space 512K, 43% used [0x00000000d5880000,0x00000000d58b8000,0x00000000d5900000)
  to   space 512K, 0% used [0x00000000d5900000,0x00000000d5900000,0x00000000d5980000)
 ParOldGen       total 456704K, used 456255K [0x0000000080000000, 0x000000009be00000, 0x00000000d5580000)
  object space 456704K, 99% used [0x0000000080000000,0x000000009bd8fe48,0x000000009be00000)
 Metaspace       used 70494K, committed 71872K, reserved 1114112K
  class space    used 7497K, committed 8064K, reserved 1048576K
}
Event: 113.713 GC heap before
{Heap before GC invocations=401 (full 3):
 PSYoungGen      total 2560K, used 2263K [0x00000000d5580000, 0x00000000d5980000, 0x0000000100000000)
  eden space 2048K, 99% used [0x00000000d5580000,0x00000000d577df28,0x00000000d5780000)
  from space 512K, 43% used [0x00000000d5880000,0x00000000d58b8000,0x00000000d5900000)
  to   space 512K, 0% used [0x00000000d5900000,0x00000000d5900000,0x00000000d5980000)
 ParOldGen       total 456704K, used 456255K [0x0000000080000000, 0x000000009be00000, 0x00000000d5580000)
  object space 456704K, 99% used [0x0000000080000000,0x000000009bd8fe48,0x000000009be00000)
 Metaspace       used 70612K, committed 72000K, reserved 1114112K
  class space    used 7504K, committed 8064K, reserved 1048576K
}
Event: 113.716 GC heap after
{Heap after GC invocations=401 (full 3):
 PSYoungGen      total 2560K, used 224K [0x00000000d5580000, 0x00000000d5980000, 0x0000000100000000)
  eden space 2048K, 0% used [0x00000000d5580000,0x00000000d5580000,0x00000000d5780000)
  from space 512K, 43% used [0x00000000d5900000,0x00000000d5938000,0x00000000d5980000)
  to   space 512K, 0% used [0x00000000d5880000,0x00000000d5880000,0x00000000d5900000)
 ParOldGen       total 456704K, used 456311K [0x0000000080000000, 0x000000009be00000, 0x00000000d5580000)
  object space 456704K, 99% used [0x0000000080000000,0x000000009bd9de48,0x000000009be00000)
 Metaspace       used 70612K, committed 72000K, reserved 1114112K
  class space    used 7504K, committed 8064K, reserved 1048576K
}
Event: 113.797 GC heap before
{Heap before GC invocations=402 (full 3):
 PSYoungGen      total 2560K, used 2271K [0x00000000d5580000, 0x00000000d5980000, 0x0000000100000000)
  eden space 2048K, 99% used [0x00000000d5580000,0x00000000d577fff0,0x00000000d5780000)
  from space 512K, 43% used [0x00000000d5900000,0x00000000d5938000,0x00000000d5980000)
  to   space 512K, 0% used [0x00000000d5880000,0x00000000d5880000,0x00000000d5900000)
 ParOldGen       total 456704K, used 456311K [0x0000000080000000, 0x000000009be00000, 0x00000000d5580000)
  object space 456704K, 99% used [0x0000000080000000,0x000000009bd9de48,0x000000009be00000)
 Metaspace       used 70896K, committed 72256K, reserved 1114112K
  class space    used 7534K, committed 8064K, reserved 1048576K
}
Event: 113.799 GC heap after
{Heap after GC invocations=402 (full 3):
 PSYoungGen      total 2560K, used 224K [0x00000000d5580000, 0x00000000d5980000, 0x0000000100000000)
  eden space 2048K, 0% used [0x00000000d5580000,0x00000000d5580000,0x00000000d5780000)
  from space 512K, 43% used [0x00000000d5880000,0x00000000d58b8000,0x00000000d5900000)
  to   space 512K, 0% used [0x00000000d5900000,0x00000000d5900000,0x00000000d5980000)
 ParOldGen       total 456704K, used 456375K [0x0000000080000000, 0x000000009be00000, 0x00000000d5580000)
  object space 456704K, 99% used [0x0000000080000000,0x000000009bdade48,0x000000009be00000)
 Metaspace       used 70896K, committed 72256K, reserved 1114112K
  class space    used 7534K, committed 8064K, reserved 1048576K
}

