# JRE version: OpenJDK Runtime Environment Temurin-21.0.9+10 (21.0.9+10) (build 21.0.9+10-LTS)
# Java VM: OpenJDK 64-Bit Server VM Temurin-21.0.9+10 (21.0.9+10-LTS, mixed mode, sharing, tiered, compressed oops, compressed class ptrs, parallel gc, windows-amd64)
GC Precious Log:
 CardTable entry size: 512
 CPUs: 8 total, 8 available
 Memory: 5965M
 Large Page Support: Disabled
 NUMA Support: Disabled
 Compressed Oops: Enabled (32-bit)
 Alignments: Space 512K, Generation 512K, Heap 2M
 Heap Min Capacity: 100M
 Heap Initial Capacity: 100M
 Heap Max Capacity: 2G
 Pre-touch: Disabled
 Parallel Workers: 8
Heap:
 PSYoungGen      total 22528K, used 18295K [0x00000000d5580000, 0x00000000d6d80000, 0x0000000100000000)
  eden space 21504K, 82% used [0x00000000d5580000,0x00000000d66cb6b8,0x00000000d6a80000)
  from space 1024K, 57% used [0x00000000d6c80000,0x00000000d6d127e8,0x00000000d6d80000)
  to   space 1536K, 0% used [0x00000000d6a80000,0x00000000d6a80000,0x00000000d6c00000)
 ParOldGen       total 68608K, used 48867K [0x0000000080000000, 0x0000000084300000, 0x00000000d5580000)
  object space 68608K, 71% used [0x0000000080000000,0x0000000082fb8d78,0x0000000084300000)
 Metaspace       used 63265K, committed 64576K, reserved 1114112K
  class space    used 6833K, committed 7424K, reserved 1048576K
GC Heap History (20 events):
Event: 97.756 GC heap before
{Heap before GC invocations=32 (full 3):
 PSYoungGen      total 24064K, used 160K [0x00000000d5580000, 0x00000000d6f00000, 0x0000000100000000)
  eden space 21504K, 0% used [0x00000000d5580000,0x00000000d5580000,0x00000000d6a80000)
  from space 2560K, 6% used [0x00000000d6b00000,0x00000000d6b28000,0x00000000d6d80000)
  to   space 1024K, 0% used [0x00000000d6e00000,0x00000000d6e00000,0x00000000d6f00000)
 ParOldGen       total 68608K, used 38991K [0x0000000080000000, 0x0000000084300000, 0x00000000d5580000)
  object space 68608K, 56% used [0x0000000080000000,0x0000000082613d90,0x0000000084300000)
 Metaspace       used 58443K, committed 59776K, reserved 1114112K
  class space    used 6373K, committed 6976K, reserved 1048576K
}
Event: 99.093 GC heap after
{Heap after GC invocations=32 (full 3):
 PSYoungGen      total 24064K, used 0K [0x00000000d5580000, 0x00000000d6f00000, 0x0000000100000000)
  eden space 21504K, 0% used [0x00000000d5580000,0x00000000d5580000,0x00000000d6a80000)
  from space 2560K, 0% used [0x00000000d6b00000,0x00000000d6b00000,0x00000000d6d80000)
  to   space 1024K, 0% used [0x00000000d6e00000,0x00000000d6e00000,0x00000000d6f00000)
 ParOldGen       total 68608K, used 33738K [0x0000000080000000, 0x0000000084300000, 0x00000000d5580000)
  object space 68608K, 49% used [0x0000000080000000,0x00000000820f2a10,0x0000000084300000)
 Metaspace       used 58436K, committed 59776K, reserved 1114112K
  class space    used 6371K, committed 6976K, reserved 1048576K
}
Event: 100.303 GC heap before
{Heap before GC invocations=33 (full 3):
 PSYoungGen      total 24064K, used 21504K [0x00000000d5580000, 0x00000000d6f00000, 0x0000000100000000)
  eden space 21504K, 100% used [0x00000000d5580000,0x00000000d6a80000,0x00000000d6a80000)
  from space 2560K, 0% used [0x00000000d6b00000,0x00000000d6b00000,0x00000000d6d80000)
  to   space 1024K, 0% used [0x00000000d6e00000,0x00000000d6e00000,0x00000000d6f00000)
 ParOldGen       total 68608K, used 33738K [0x0000000080000000, 0x0000000084300000, 0x00000000d5580000)
  object space 68608K, 49% used [0x0000000080000000,0x00000000820f2a10,0x0000000084300000)
 Metaspace       used 59332K, committed 60672K, reserved 1114112K
  class space    used 6436K, committed 7040K, reserved 1048576K
}
Event: 100.307 GC heap after
{Heap after GC invocations=33 (full 3):
 PSYoungGen      total 22528K, used 992K [0x00000000d5580000, 0x00000000d6f80000, 0x0000000100000000)
  eden space 21504K, 0% used [0x00000000d5580000,0x00000000d5580000,0x00000000d6a80000)
  from space 1024K, 96% used [0x00000000d6e00000,0x00000000d6ef8030,0x00000000d6f00000)
  to   space 2560K, 0% used [0x00000000d6a80000,0x00000000d6a80000,0x00000000d6d00000)
 ParOldGen       total 68608K, used 34722K [0x0000000080000000, 0x0000000084300000, 0x00000000d5580000)
  object space 68608K, 50% used [0x0000000080000000,0x00000000821e8a10,0x0000000084300000)
 Metaspace       used 59332K, committed 60672K, reserved 1114112K
  class space    used 6436K, committed 7040K, reserved 1048576K
}
Event: 100.639 GC heap before
{Heap before GC invocations=34 (full 3):
 PSYoungGen      total 22528K, used 22496K [0x00000000d5580000, 0x00000000d6f80000, 0x0000000100000000)
  eden space 21504K, 100% used [0x00000000d5580000,0x00000000d6a80000,0x00000000d6a80000)
  from space 1024K, 96% used [0x00000000d6e00000,0x00000000d6ef8030,0x00000000d6f00000)
  to   space 2560K, 0% used [0x00000000d6a80000,0x00000000d6a80000,0x00000000d6d00000)
 ParOldGen       total 68608K, used 34722K [0x0000000080000000, 0x0000000084300000, 0x00000000d5580000)
  object space 68608K, 50% used [0x0000000080000000,0x00000000821e8a10,0x0000000084300000)
 Metaspace       used 59745K, committed 61120K, reserved 1114112K
  class space    used 6496K, committed 7104K, reserved 1048576K
}
Event: 100.645 GC heap after
{Heap after GC invocations=34 (full 3):
 PSYoungGen      total 24064K, used 2481K [0x00000000d5580000, 0x00000000d7080000, 0x0000000100000000)
  eden space 21504K, 0% used [0x00000000d5580000,0x00000000d5580000,0x00000000d6a80000)
  from space 2560K, 96% used [0x00000000d6a80000,0x00000000d6cec420,0x00000000d6d00000)
  to   space 3072K, 0% used [0x00000000d6d80000,0x00000000d6d80000,0x00000000d7080000)
 ParOldGen       total 68608K, used 35692K [0x0000000080000000, 0x0000000084300000, 0x00000000d5580000)
  object space 68608K, 52% used [0x0000000080000000,0x00000000822db3d0,0x0000000084300000)
 Metaspace       used 59745K, committed 61120K, reserved 1114112K
  class space    used 6496K, committed 7104K, reserved 1048576K
}
Event: 101.248 GC heap before
{Heap before GC invocations=35 (full 3):
 PSYoungGen      total 24064K, used 23985K [0x00000000d5580000, 0x00000000d7080000, 0x0000000100000000)
  eden space 21504K, 100% used [0x00000000d5580000,0x00000000d6a80000,0x00000000d6a80000)
  from space 2560K, 96% used [0x00000000d6a80000,0x00000000d6cec420,0x00000000d6d00000)
  to   space 3072K, 0% used [0x00000000d6d80000,0x00000000d6d80000,0x00000000d7080000)
 ParOldGen       total 68608K, used 35692K [0x0000000080000000, 0x0000000084300000, 0x00000000d5580000)
  object space 68608K, 52% used [0x0000000080000000,0x00000000822db3d0,0x0000000084300000)
 Metaspace       used 59807K, committed 61120K, reserved 1114112K
  class space    used 6507K, committed 7104K, reserved 1048576K
}
Event: 101.255 GC heap after
{Heap after GC invocations=35 (full 3):
 PSYoungGen      total 24576K, used 2530K [0x00000000d5580000, 0x00000000d7080000, 0x0000000100000000)
  eden space 21504K, 0% used [0x00000000d5580000,0x00000000d5580000,0x00000000d6a80000)
  from space 3072K, 82% used [0x00000000d6d80000,0x00000000d6ff8820,0x00000000d7080000)
  to   space 3072K, 0% used [0x00000000d6a80000,0x00000000d6a80000,0x00000000d6d80000)
 ParOldGen       total 68608K, used 37896K [0x0000000080000000, 0x0000000084300000, 0x00000000d5580000)
  object space 68608K, 55% used [0x0000000080000000,0x00000000825020b0,0x0000000084300000)
 Metaspace       used 59807K, committed 61120K, reserved 1114112K
  class space    used 6507K, committed 7104K, reserved 1048576K
}
Event: 101.831 GC heap before
{Heap before GC invocations=36 (full 3):
 PSYoungGen      total 24576K, used 24034K [0x00000000d5580000, 0x00000000d7080000, 0x0000000100000000)
  eden space 21504K, 100% used [0x00000000d5580000,0x00000000d6a80000,0x00000000d6a80000)
  from space 3072K, 82% used [0x00000000d6d80000,0x00000000d6ff8820,0x00000000d7080000)
  to   space 3072K, 0% used [0x00000000d6a80000,0x00000000d6a80000,0x00000000d6d80000)
 ParOldGen       total 68608K, used 37896K [0x0000000080000000, 0x0000000084300000, 0x00000000d5580000)
  object space 68608K, 55% used [0x0000000080000000,0x00000000825020b0,0x0000000084300000)
 Metaspace       used 59839K, committed 61184K, reserved 1114112K
  class space    used 6517K, committed 7104K, reserved 1048576K
}
Event: 101.837 GC heap after
{Heap after GC invocations=36 (full 3):
 PSYoungGen      total 24064K, used 2116K [0x00000000d5580000, 0x00000000d6f80000, 0x0000000100000000)
  eden space 21504K, 0% used [0x00000000d5580000,0x00000000d5580000,0x00000000d6a80000)
  from space 2560K, 82% used [0x00000000d6a80000,0x00000000d6c91000,0x00000000d6d00000)
  to   space 2560K, 0% used [0x00000000d6d00000,0x00000000d6d00000,0x00000000d6f80000)
 ParOldGen       total 68608K, used 40158K [0x0000000080000000, 0x0000000084300000, 0x00000000d5580000)
  object space 68608K, 58% used [0x0000000080000000,0x0000000082737a70,0x0000000084300000)
 Metaspace       used 59839K, committed 61184K, reserved 1114112K
  class space    used 6517K, committed 7104K, reserved 1048576K
}
Event: 102.137 GC heap before
{Heap before GC invocations=37 (full 3):
 PSYoungGen      total 24064K, used 23557K [0x00000000d5580000, 0x00000000d6f80000, 0x0000000100000000)
  eden space 21504K, 99% used [0x00000000d5580000,0x00000000d6a706c0,0x00000000d6a80000)
  from space 2560K, 82% used [0x00000000d6a80000,0x00000000d6c91000,0x00000000d6d00000)
  to   space 2560K, 0% used [0x00000000d6d00000,0x00000000d6d00000,0x00000000d6f80000)
 ParOldGen       total 68608K, used 40158K [0x0000000080000000, 0x0000000084300000, 0x00000000d5580000)
  object space 68608K, 58% used [0x0000000080000000,0x0000000082737a70,0x0000000084300000)
 Metaspace       used 59888K, committed 61248K, reserved 1114112K
  class space    used 6534K, committed 7168K, reserved 1048576K
}
Event: 102.146 GC heap after
{Heap after GC invocations=37 (full 3):
 PSYoungGen      total 24064K, used 2176K [0x00000000d5580000, 0x00000000d6f80000, 0x0000000100000000)
  eden space 21504K, 0% used [0x00000000d5580000,0x00000000d5580000,0x00000000d6a80000)
  from space 2560K, 85% used [0x00000000d6d00000,0x00000000d6f20010,0x00000000d6f80000)
  to   space 2560K, 0% used [0x00000000d6a80000,0x00000000d6a80000,0x00000000d6d00000)
 ParOldGen       total 68608K, used 42148K [0x0000000080000000, 0x0000000084300000, 0x00000000d5580000)
  object space 68608K, 61% used [0x0000000080000000,0x0000000082929098,0x0000000084300000)
 Metaspace       used 59888K, committed 61248K, reserved 1114112K
  class space    used 6534K, committed 7168K, reserved 1048576K
}
Event: 102.454 GC heap before
{Heap before GC invocations=38 (full 3):
 PSYoungGen      total 24064K, used 23680K [0x00000000d5580000, 0x00000000d6f80000, 0x0000000100000000)
  eden space 21504K, 100% used [0x00000000d5580000,0x00000000d6a80000,0x00000000d6a80000)
  from space 2560K, 85% used [0x00000000d6d00000,0x00000000d6f20010,0x00000000d6f80000)
  to   space 2560K, 0% used [0x00000000d6a80000,0x00000000d6a80000,0x00000000d6d00000)
 ParOldGen       total 68608K, used 42148K [0x0000000080000000, 0x0000000084300000, 0x00000000d5580000)
  object space 68608K, 61% used [0x0000000080000000,0x0000000082929098,0x0000000084300000)
 Metaspace       used 59952K, committed 61312K, reserved 1114112K
  class space    used 6543K, committed 7168K, reserved 1048576K
}
Event: 102.459 GC heap after
{Heap after GC invocations=38 (full 3):
 PSYoungGen      total 24064K, used 2008K [0x00000000d5580000, 0x00000000d6f80000, 0x0000000100000000)
  eden space 21504K, 0% used [0x00000000d5580000,0x00000000d5580000,0x00000000d6a80000)
  from space 2560K, 78% used [0x00000000d6a80000,0x00000000d6c76200,0x00000000d6d00000)
  to   space 2560K, 0% used [0x00000000d6d00000,0x00000000d6d00000,0x00000000d6f80000)
 ParOldGen       total 68608K, used 44228K [0x0000000080000000, 0x0000000084300000, 0x00000000d5580000)
  object space 68608K, 64% used [0x0000000080000000,0x0000000082b310a8,0x0000000084300000)
 Metaspace       used 59952K, committed 61312K, reserved 1114112K
  class space    used 6543K, committed 7168K, reserved 1048576K
}
Event: 105.016 GC heap before
{Heap before GC invocations=39 (full 3):
 PSYoungGen      total 24064K, used 23474K [0x00000000d5580000, 0x00000000d6f80000, 0x0000000100000000)
  eden space 21504K, 99% used [0x00000000d5580000,0x00000000d6a766a0,0x00000000d6a80000)
  from space 2560K, 78% used [0x00000000d6a80000,0x00000000d6c76200,0x00000000d6d00000)
  to   space 2560K, 0% used [0x00000000d6d00000,0x00000000d6d00000,0x00000000d6f80000)
 ParOldGen       total 68608K, used 44228K [0x0000000080000000, 0x0000000084300000, 0x00000000d5580000)
  object space 68608K, 64% used [0x0000000080000000,0x0000000082b310a8,0x0000000084300000)
 Metaspace       used 60717K, committed 62080K, reserved 1114112K
  class space    used 6597K, committed 7232K, reserved 1048576K
}
Event: 105.021 GC heap after
{Heap after GC invocations=39 (full 3):
 PSYoungGen      total 24064K, used 2111K [0x00000000d5580000, 0x00000000d6f80000, 0x0000000100000000)
  eden space 21504K, 0% used [0x00000000d5580000,0x00000000d5580000,0x00000000d6a80000)
  from space 2560K, 82% used [0x00000000d6d00000,0x00000000d6f0fd60,0x00000000d6f80000)
  to   space 2560K, 0% used [0x00000000d6a80000,0x00000000d6a80000,0x00000000d6d00000)
 ParOldGen       total 68608K, used 46124K [0x0000000080000000, 0x0000000084300000, 0x00000000d5580000)
  object space 68608K, 67% used [0x0000000080000000,0x0000000082d0b2a8,0x0000000084300000)
 Metaspace       used 60717K, committed 62080K, reserved 1114112K
  class space    used 6597K, committed 7232K, reserved 1048576K
}
Event: 107.204 GC heap before
{Heap before GC invocations=40 (full 3):
 PSYoungGen      total 24064K, used 23615K [0x00000000d5580000, 0x00000000d6f80000, 0x0000000100000000)
  eden space 21504K, 100% used [0x00000000d5580000,0x00000000d6a80000,0x00000000d6a80000)
  from space 2560K, 82% used [0x00000000d6d00000,0x00000000d6f0fd60,0x00000000d6f80000)
  to   space 2560K, 0% used [0x00000000d6a80000,0x00000000d6a80000,0x00000000d6d00000)
 ParOldGen       total 68608K, used 46124K [0x0000000080000000, 0x0000000084300000, 0x00000000d5580000)
  object space 68608K, 67% used [0x0000000080000000,0x0000000082d0b2a8,0x0000000084300000)
 Metaspace       used 61633K, committed 62976K, reserved 1114112K
  class space    used 6679K, committed 7296K, reserved 1048576K
}
Event: 107.208 GC heap after
{Heap after GC invocations=40 (full 3):
 PSYoungGen      total 23552K, used 1752K [0x00000000d5580000, 0x00000000d6e80000, 0x0000000100000000)
  eden space 21504K, 0% used [0x00000000d5580000,0x00000000d5580000,0x00000000d6a80000)
  from space 2048K, 85% used [0x00000000d6a80000,0x00000000d6c360e8,0x00000000d6c80000)
  to   space 2048K, 0% used [0x00000000d6c80000,0x00000000d6c80000,0x00000000d6e80000)
 ParOldGen       total 68608K, used 48102K [0x0000000080000000, 0x0000000084300000, 0x00000000d5580000)
  object space 68608K, 70% used [0x0000000080000000,0x0000000082ef9b10,0x0000000084300000)
 Metaspace       used 61633K, committed 62976K, reserved 1114112K
  class space    used 6679K, committed 7296K, reserved 1048576K
}
Event: 107.364 GC heap before
{Heap before GC invocations=41 (full 3):
 PSYoungGen      total 23552K, used 23256K [0x00000000d5580000, 0x00000000d6e80000, 0x0000000100000000)
  eden space 21504K, 100% used [0x00000000d5580000,0x00000000d6a80000,0x00000000d6a80000)
  from space 2048K, 85% used [0x00000000d6a80000,0x00000000d6c360e8,0x00000000d6c80000)
  to   space 2048K, 0% used [0x00000000d6c80000,0x00000000d6c80000,0x00000000d6e80000)
 ParOldGen       total 68608K, used 48102K [0x0000000080000000, 0x0000000084300000, 0x00000000d5580000)
  object space 68608K, 70% used [0x0000000080000000,0x0000000082ef9b10,0x0000000084300000)
 Metaspace       used 61648K, committed 62976K, reserved 1114112K
  class space    used 6679K, committed 7296K, reserved 1048576K
}
Event: 107.366 GC heap after
{Heap after GC invocations=41 (full 3):
 PSYoungGen      total 22528K, used 585K [0x00000000d5580000, 0x00000000d6d80000, 0x0000000100000000)
  eden space 21504K, 0% used [0x00000000d5580000,0x00000000d5580000,0x00000000d6a80000)
  from space 1024K, 57% used [0x00000000d6c80000,0x00000000d6d127e8,0x00000000d6d80000)
  to   space 1536K, 0% used [0x00000000d6a80000,0x00000000d6a80000,0x00000000d6c00000)
 ParOldGen       total 68608K, used 48867K [0x0000000080000000, 0x0000000084300000, 0x00000000d5580000)
  object space 68608K, 71% used [0x0000000080000000,0x0000000082fb8d78,0x0000000084300000)
 Metaspace       used 61648K, committed 62976K, reserved 1114112K
  class space    used 6679K, committed 7296K, reserved 1048576K
}

